<?xml version="1.0" encoding="UTF-8"?>
<testsuite xmlns:xsi="http://www.w3.org/2001/XMLSchema-instance" xsi:schemaLocation="https://maven.apache.org/surefire/maven-surefire-plugin/xsd/surefire-test-report.xsd" name="com.ncr.nlc.controller.NaturalLanguageCalculationControllerTest" time="0.199" tests="7" errors="0" skipped="0" failures="0">
  <properties>
[...]
</properties>
  <testcase name="processInputShouldReturnResultForValidInput_Second" classname="com.ncr.nlc.controller.NaturalLanguageCalculationControllerTest" time="0.055"/>
  <testcase name="processInputShouldReturnResultForValidInput_Third" classname="com.ncr.nlc.controller.NaturalLanguageCalculationControllerTest" time="0"/>
  <testcase name="processInputShouldReturnResultForValidInput_First" classname="com.ncr.nlc.controller.NaturalLanguageCalculationControllerTest" time="0"/>
  <testcase name="processInputShouldReturnResultForValidInput_Fourth" classname="com.ncr.nlc.controller.NaturalLanguageCalculationControllerTest" time="0"/>
  <testcase name="throws IllegalArgumentException When illegal argument is passed" classname="com.ncr.nlc.controller.NaturalLanguageCalculationControllerTest" time="0"/>
  <testcase name="processInputShouldReturnNoResultWhenInputIsnull" classname="com.ncr.nlc.controller.NaturalLanguageCalculationControllerTest" time="0"/>
  <testcase name="processInputShouldAcceptCaseInsensitiveInputs" classname="com.ncr.nlc.controller.NaturalLanguageCalculationControllerTest" time="0.004"/>
</testsuite>